2020-09-02 17:00:54.442  INFO 21616 --- [main] s.c.a.AnnotationConfigApplicationContext : Refreshing org.springframework.context.annotation.AnnotationConfigApplicationContext@5d22bbb7: startup date [Wed Sep 02 17:00:54 CST 2020]; root of context hierarchy
2020-09-02 17:00:54.924  INFO 21616 --- [main] f.a.AutowiredAnnotationBeanPostProcessor : JSR-330 'javax.inject.Inject' annotation found and supported for autowiring
2020-09-02 17:00:55.010  INFO 21616 --- [main] trationDelegate$BeanPostProcessorChecker : Bean 'configurationPropertiesRebinderAutoConfiguration' of type [org.springframework.cloud.autoconfigure.ConfigurationPropertiesRebinderAutoConfiguration$$EnhancerBySpringCGLIB$$40d9fcc6] is not eligible for getting processed by all BeanPostProcessors (for example: not eligible for auto-proxying)
2020-09-02 17:00:56.188  INFO 21616 --- [main] o.a.s.apm.webapp.ApplicationStartUp      : No active profile set, falling back to default profiles: default
2020-09-02 17:00:56.219  INFO 21616 --- [main] ationConfigEmbeddedWebApplicationContext : Refreshing org.springframework.boot.context.embedded.AnnotationConfigEmbeddedWebApplicationContext@4566e5bd: startup date [Wed Sep 02 17:00:56 CST 2020]; parent: org.springframework.context.annotation.AnnotationConfigApplicationContext@5d22bbb7
2020-09-02 17:00:57.456  INFO 21616 --- [main] o.s.b.f.s.DefaultListableBeanFactory     : Overriding bean definition for bean 'counterFactory' with a different definition: replacing [Root bean: class [null]; scope=; abstract=false; lazyInit=false; autowireMode=3; dependencyCheck=0; autowireCandidate=true; primary=false; factoryBeanName=org.springframework.cloud.netflix.zuul.ZuulServerAutoConfiguration$ZuulMetricsConfiguration; factoryMethodName=counterFactory; initMethodName=null; destroyMethodName=(inferred); defined in class path resource [org/springframework/cloud/netflix/zuul/ZuulServerAutoConfiguration$ZuulMetricsConfiguration.class]] with [Root bean: class [null]; scope=; abstract=false; lazyInit=false; autowireMode=3; dependencyCheck=0; autowireCandidate=true; primary=false; factoryBeanName=org.springframework.cloud.netflix.zuul.ZuulServerAutoConfiguration$ZuulCounterFactoryConfiguration; factoryMethodName=counterFactory; initMethodName=null; destroyMethodName=(inferred); defined in class path resource [org/springframework/cloud/netflix/zuul/ZuulServerAutoConfiguration$ZuulCounterFactoryConfiguration.class]]
2020-09-02 17:00:57.739  INFO 21616 --- [main] o.s.cloud.context.scope.GenericScope     : BeanFactory id=5c90c110-a47c-3c99-a38e-b0ff002b7284
2020-09-02 17:00:57.759  INFO 21616 --- [main] f.a.AutowiredAnnotationBeanPostProcessor : JSR-330 'javax.inject.Inject' annotation found and supported for autowiring
2020-09-02 17:00:57.934  INFO 21616 --- [main] trationDelegate$BeanPostProcessorChecker : Bean 'org.springframework.cloud.netflix.metrics.MetricsInterceptorConfiguration$MetricsRestTemplateConfiguration' of type [org.springframework.cloud.netflix.metrics.MetricsInterceptorConfiguration$MetricsRestTemplateConfiguration$$EnhancerBySpringCGLIB$$56eca00a] is not eligible for getting processed by all BeanPostProcessors (for example: not eligible for auto-proxying)
2020-09-02 17:00:58.292  INFO 21616 --- [main] trationDelegate$BeanPostProcessorChecker : Bean 'org.springframework.cloud.autoconfigure.ConfigurationPropertiesRebinderAutoConfiguration' of type [org.springframework.cloud.autoconfigure.ConfigurationPropertiesRebinderAutoConfiguration$$EnhancerBySpringCGLIB$$40d9fcc6] is not eligible for getting processed by all BeanPostProcessors (for example: not eligible for auto-proxying)
2020-09-02 17:00:59.710  INFO 21616 --- [main] s.b.c.e.t.TomcatEmbeddedServletContainer : Tomcat initialized with port(s): 8080 (http)
2020-09-02 17:00:59.764  INFO 21616 --- [main] o.apache.catalina.core.StandardService   : Starting service [Tomcat]
2020-09-02 17:00:59.764  INFO 21616 --- [main] org.apache.catalina.core.StandardEngine  : Starting Servlet Engine: Apache Tomcat/8.5.29
2020-09-02 17:00:59.966  INFO 21616 --- [localhost-startStop-1] o.a.c.c.C.[Tomcat].[localhost].[/]       : Initializing Spring embedded WebApplicationContext
2020-09-02 17:00:59.967  INFO 21616 --- [localhost-startStop-1] o.s.web.context.ContextLoader            : Root WebApplicationContext: initialization completed in 3748 ms
2020-09-02 17:01:01.816  INFO 21616 --- [localhost-startStop-1] o.s.b.w.servlet.ServletRegistrationBean  : Mapping servlet: 'dispatcherServlet' to [/]
2020-09-02 17:01:01.818  INFO 21616 --- [localhost-startStop-1] o.s.b.w.servlet.ServletRegistrationBean  : Mapping servlet: 'zuulServlet' to [/zuul/*]
2020-09-02 17:01:01.823  INFO 21616 --- [localhost-startStop-1] o.s.b.w.servlet.FilterRegistrationBean   : Mapping filter: 'metricsFilter' to: [/*]
2020-09-02 17:01:01.824  INFO 21616 --- [localhost-startStop-1] o.s.b.w.servlet.FilterRegistrationBean   : Mapping filter: 'characterEncodingFilter' to: [/*]
2020-09-02 17:01:01.824  INFO 21616 --- [localhost-startStop-1] o.s.b.w.servlet.FilterRegistrationBean   : Mapping filter: 'hiddenHttpMethodFilter' to: [/*]
2020-09-02 17:01:01.824  INFO 21616 --- [localhost-startStop-1] o.s.b.w.servlet.FilterRegistrationBean   : Mapping filter: 'httpPutFormContentFilter' to: [/*]
2020-09-02 17:01:01.824  INFO 21616 --- [localhost-startStop-1] o.s.b.w.servlet.FilterRegistrationBean   : Mapping filter: 'requestContextFilter' to: [/*]
2020-09-02 17:01:01.824  INFO 21616 --- [localhost-startStop-1] o.s.b.w.servlet.FilterRegistrationBean   : Mapping filter: 'webRequestLoggingFilter' to: [/*]
2020-09-02 17:01:01.824  INFO 21616 --- [localhost-startStop-1] o.s.b.w.servlet.FilterRegistrationBean   : Mapping filter: 'applicationContextIdFilter' to: [/*]
2020-09-02 17:01:01.932  WARN 21616 --- [main] c.n.c.sources.URLConfigurationSource     : No URLs will be polled as dynamic configuration sources.
2020-09-02 17:01:01.932  INFO 21616 --- [main] c.n.c.sources.URLConfigurationSource     : To enable URLs as dynamic configuration sources, define System property archaius.configurationSource.additionalUrls or make config.properties available on classpath.
2020-09-02 17:01:01.951  INFO 21616 --- [main] c.netflix.config.DynamicPropertyFactory  : DynamicPropertyFactory is initialized with configuration sources: com.netflix.config.ConcurrentCompositeConfiguration@13b13b5d
2020-09-02 17:01:02.837  WARN 21616 --- [main] o.s.c.n.a.ArchaiusAutoConfiguration      : No spring.application.name found, defaulting to 'application'
2020-09-02 17:01:02.838  WARN 21616 --- [main] c.n.c.sources.URLConfigurationSource     : No URLs will be polled as dynamic configuration sources.
2020-09-02 17:01:02.838  INFO 21616 --- [main] c.n.c.sources.URLConfigurationSource     : To enable URLs as dynamic configuration sources, define System property archaius.configurationSource.additionalUrls or make config.properties available on classpath.
2020-09-02 17:01:03.723  INFO 21616 --- [main] s.w.s.m.m.a.RequestMappingHandlerAdapter : Looking for @ControllerAdvice: org.springframework.boot.context.embedded.AnnotationConfigEmbeddedWebApplicationContext@4566e5bd: startup date [Wed Sep 02 17:00:56 CST 2020]; parent: org.springframework.context.annotation.AnnotationConfigApplicationContext@5d22bbb7
2020-09-02 17:01:03.993  INFO 21616 --- [main] s.w.s.m.m.a.RequestMappingHandlerMapping : Mapped "{[/error]}" onto public org.springframework.http.ResponseEntity<java.util.Map<java.lang.String, java.lang.Object>> org.springframework.boot.autoconfigure.web.BasicErrorController.error(javax.servlet.http.HttpServletRequest)
2020-09-02 17:01:03.995  INFO 21616 --- [main] s.w.s.m.m.a.RequestMappingHandlerMapping : Mapped "{[/error],produces=[text/html]}" onto public org.springframework.web.servlet.ModelAndView org.springframework.boot.autoconfigure.web.BasicErrorController.errorHtml(javax.servlet.http.HttpServletRequest,javax.servlet.http.HttpServletResponse)
2020-09-02 17:01:04.199  INFO 21616 --- [main] o.s.w.s.handler.SimpleUrlHandlerMapping  : Mapped URL path [/index.html] onto handler of type [class org.springframework.web.servlet.resource.ResourceHttpRequestHandler]
2020-09-02 17:01:04.199  INFO 21616 --- [main] o.s.w.s.handler.SimpleUrlHandlerMapping  : Mapped URL path [/css/**] onto handler of type [class org.springframework.web.servlet.resource.ResourceHttpRequestHandler]
2020-09-02 17:01:04.200  INFO 21616 --- [main] o.s.w.s.handler.SimpleUrlHandlerMapping  : Mapped URL path [/img/**] onto handler of type [class org.springframework.web.servlet.resource.ResourceHttpRequestHandler]
2020-09-02 17:01:04.200  INFO 21616 --- [main] o.s.w.s.handler.SimpleUrlHandlerMapping  : Mapped URL path [/js/**] onto handler of type [class org.springframework.web.servlet.resource.ResourceHttpRequestHandler]
2020-09-02 17:01:04.200  INFO 21616 --- [main] o.s.w.s.handler.SimpleUrlHandlerMapping  : Mapped URL path [/favicon.ico] onto handler of type [class org.springframework.web.servlet.resource.ResourceHttpRequestHandler]
2020-09-02 17:01:04.200  INFO 21616 --- [main] o.s.w.s.handler.SimpleUrlHandlerMapping  : Mapped URL path [/logo.png] onto handler of type [class org.springframework.web.servlet.resource.ResourceHttpRequestHandler]
2020-09-02 17:01:04.239  INFO 21616 --- [main] .m.m.a.ExceptionHandlerExceptionResolver : Detected @ExceptionHandler methods in notFoundHandler
2020-09-02 17:01:04.300  INFO 21616 --- [main] o.s.w.s.handler.SimpleUrlHandlerMapping  : Mapped URL path [/**/favicon.ico] onto handler of type [class org.springframework.web.servlet.resource.ResourceHttpRequestHandler]
2020-09-02 17:01:04.368  INFO 21616 --- [main] oConfiguration$WelcomePageHandlerMapping : Adding welcome page: class path resource [public/index.html]
2020-09-02 17:01:05.233  INFO 21616 --- [main] o.s.b.a.e.mvc.EndpointHandlerMapping     : Mapped "{[/manage/auditevents || /manage/auditevents.json],methods=[GET],produces=[application/vnd.spring-boot.actuator.v1+json || application/json]}" onto public org.springframework.http.ResponseEntity<?> org.springframework.boot.actuate.endpoint.mvc.AuditEventsMvcEndpoint.findByPrincipalAndAfterAndType(java.lang.String,java.util.Date,java.lang.String)
2020-09-02 17:01:05.238  INFO 21616 --- [main] o.s.b.a.e.mvc.EndpointHandlerMapping     : Mapped "{[/manage/routes || /manage/routes.json],methods=[POST]}" onto public java.lang.Object org.springframework.cloud.netflix.zuul.RoutesMvcEndpoint.reset()
2020-09-02 17:01:05.238  INFO 21616 --- [main] o.s.b.a.e.mvc.EndpointHandlerMapping     : Mapped "{[/manage/routes || /manage/routes.json],methods=[GET],params=[format],produces=[application/vnd.spring-boot.actuator.v1+json || application/json]}" onto public java.lang.Object org.springframework.cloud.netflix.zuul.RoutesMvcEndpoint.invokeRouteDetails(java.lang.String)
2020-09-02 17:01:05.238  INFO 21616 --- [main] o.s.b.a.e.mvc.EndpointHandlerMapping     : Mapped "{[/manage/routes || /manage/routes.json],methods=[GET],produces=[application/vnd.spring-boot.actuator.v1+json || application/json]}" onto public java.lang.Object org.springframework.boot.actuate.endpoint.mvc.EndpointMvcAdapter.invoke()
2020-09-02 17:01:05.239  INFO 21616 --- [main] o.s.b.a.e.mvc.EndpointHandlerMapping     : Mapped "{[/manage/archaius || /manage/archaius.json],methods=[GET],produces=[application/vnd.spring-boot.actuator.v1+json || application/json]}" onto public java.lang.Object org.springframework.boot.actuate.endpoint.mvc.EndpointMvcAdapter.invoke()
2020-09-02 17:01:05.239  INFO 21616 --- [main] o.s.b.a.e.mvc.EndpointHandlerMapping     : Mapped "{[/manage/dump || /manage/dump.json],methods=[GET],produces=[application/vnd.spring-boot.actuator.v1+json || application/json]}" onto public java.lang.Object org.springframework.boot.actuate.endpoint.mvc.EndpointMvcAdapter.invoke()
2020-09-02 17:01:05.240  INFO 21616 --- [main] o.s.b.a.e.mvc.EndpointHandlerMapping     : Mapped "{[/manage/refresh || /manage/refresh.json],methods=[POST]}" onto public java.lang.Object org.springframework.cloud.endpoint.GenericPostableMvcEndpoint.invoke()
2020-09-02 17:01:05.241  INFO 21616 --- [main] o.s.b.a.e.mvc.EndpointHandlerMapping     : Mapped "{[/manage/health || /manage/health.json],methods=[GET],produces=[application/vnd.spring-boot.actuator.v1+json || application/json]}" onto public java.lang.Object org.springframework.boot.actuate.endpoint.mvc.HealthMvcEndpoint.invoke(javax.servlet.http.HttpServletRequest,java.security.Principal)
2020-09-02 17:01:05.242  INFO 21616 --- [main] o.s.b.a.e.mvc.EndpointHandlerMapping     : Mapped "{[/manage/mappings || /manage/mappings.json],methods=[GET],produces=[application/vnd.spring-boot.actuator.v1+json || application/json]}" onto public java.lang.Object org.springframework.boot.actuate.endpoint.mvc.EndpointMvcAdapter.invoke()
2020-09-02 17:01:05.243  INFO 21616 --- [main] o.s.b.a.e.mvc.EndpointHandlerMapping     : Mapped "{[/manage/logfile || /manage/logfile.json],methods=[GET || HEAD]}" onto public void org.springframework.boot.actuate.endpoint.mvc.LogFileMvcEndpoint.invoke(javax.servlet.http.HttpServletRequest,javax.servlet.http.HttpServletResponse) throws javax.servlet.ServletException,java.io.IOException
2020-09-02 17:01:05.243  INFO 21616 --- [main] o.s.b.a.e.mvc.EndpointHandlerMapping     : Mapped "{[/manage/beans || /manage/beans.json],methods=[GET],produces=[application/vnd.spring-boot.actuator.v1+json || application/json]}" onto public java.lang.Object org.springframework.boot.actuate.endpoint.mvc.EndpointMvcAdapter.invoke()
2020-09-02 17:01:05.244  INFO 21616 --- [main] o.s.b.a.e.mvc.EndpointHandlerMapping     : Mapped "{[/manage/hystrix.stream/**]}" onto public org.springframework.web.servlet.ModelAndView org.springframework.cloud.netflix.endpoint.ServletWrappingEndpoint.handle(javax.servlet.http.HttpServletRequest,javax.servlet.http.HttpServletResponse) throws java.lang.Exception
2020-09-02 17:01:05.244  INFO 21616 --- [main] o.s.b.a.e.mvc.EndpointHandlerMapping     : Mapped "{[/manage/heapdump || /manage/heapdump.json],methods=[GET],produces=[application/octet-stream]}" onto public void org.springframework.boot.actuate.endpoint.mvc.HeapdumpMvcEndpoint.invoke(boolean,javax.servlet.http.HttpServletRequest,javax.servlet.http.HttpServletResponse) throws java.io.IOException,javax.servlet.ServletException
2020-09-02 17:01:05.246  INFO 21616 --- [main] o.s.b.a.e.mvc.EndpointHandlerMapping     : Mapped "{[/manage/autoconfig || /manage/autoconfig.json],methods=[GET],produces=[application/vnd.spring-boot.actuator.v1+json || application/json]}" onto public java.lang.Object org.springframework.boot.actuate.endpoint.mvc.EndpointMvcAdapter.invoke()
2020-09-02 17:01:05.247  INFO 21616 --- [main] o.s.b.a.e.mvc.EndpointHandlerMapping     : Mapped "{[/manage/env],methods=[POST]}" onto public java.lang.Object org.springframework.cloud.context.environment.EnvironmentManagerMvcEndpoint.value(java.util.Map<java.lang.String, java.lang.String>)
2020-09-02 17:01:05.247  INFO 21616 --- [main] o.s.b.a.e.mvc.EndpointHandlerMapping     : Mapped "{[/manage/env/reset],methods=[POST]}" onto public java.util.Map<java.lang.String, java.lang.Object> org.springframework.cloud.context.environment.EnvironmentManagerMvcEndpoint.reset()
2020-09-02 17:01:05.247  INFO 21616 --- [main] o.s.b.a.e.mvc.EndpointHandlerMapping     : Mapped "{[/manage/filters || /manage/filters.json],methods=[GET],produces=[application/vnd.spring-boot.actuator.v1+json || application/json]}" onto public java.lang.Object org.springframework.boot.actuate.endpoint.mvc.EndpointMvcAdapter.invoke()
2020-09-02 17:01:05.248  INFO 21616 --- [main] o.s.b.a.e.mvc.EndpointHandlerMapping     : Mapped "{[/manage/trace || /manage/trace.json],methods=[GET],produces=[application/vnd.spring-boot.actuator.v1+json || application/json]}" onto public java.lang.Object org.springframework.boot.actuate.endpoint.mvc.EndpointMvcAdapter.invoke()
2020-09-02 17:01:05.249  INFO 21616 --- [main] o.s.b.a.e.mvc.EndpointHandlerMapping     : Mapped "{[/manage/configprops || /manage/configprops.json],methods=[GET],produces=[application/vnd.spring-boot.actuator.v1+json || application/json]}" onto public java.lang.Object org.springframework.boot.actuate.endpoint.mvc.EndpointMvcAdapter.invoke()
2020-09-02 17:01:05.250  INFO 21616 --- [main] o.s.b.a.e.mvc.EndpointHandlerMapping     : Mapped "{[/manage/loggers/{name:.*}],methods=[GET],produces=[application/vnd.spring-boot.actuator.v1+json || application/json]}" onto public java.lang.Object org.springframework.boot.actuate.endpoint.mvc.LoggersMvcEndpoint.get(java.lang.String)
2020-09-02 17:01:05.251  INFO 21616 --- [main] o.s.b.a.e.mvc.EndpointHandlerMapping     : Mapped "{[/manage/loggers/{name:.*}],methods=[POST],consumes=[application/vnd.spring-boot.actuator.v1+json || application/json],produces=[application/vnd.spring-boot.actuator.v1+json || application/json]}" onto public java.lang.Object org.springframework.boot.actuate.endpoint.mvc.LoggersMvcEndpoint.set(java.lang.String,java.util.Map<java.lang.String, java.lang.String>)
2020-09-02 17:01:05.251  INFO 21616 --- [main] o.s.b.a.e.mvc.EndpointHandlerMapping     : Mapped "{[/manage/loggers || /manage/loggers.json],methods=[GET],produces=[application/vnd.spring-boot.actuator.v1+json || application/json]}" onto public java.lang.Object org.springframework.boot.actuate.endpoint.mvc.EndpointMvcAdapter.invoke()
2020-09-02 17:01:05.251  INFO 21616 --- [main] o.s.b.a.e.mvc.EndpointHandlerMapping     : Mapped "{[/manage/features || /manage/features.json],methods=[GET],produces=[application/vnd.spring-boot.actuator.v1+json || application/json]}" onto public java.lang.Object org.springframework.boot.actuate.endpoint.mvc.EndpointMvcAdapter.invoke()
2020-09-02 17:01:05.252  INFO 21616 --- [main] o.s.b.a.e.mvc.EndpointHandlerMapping     : Mapped "{[/manage/info || /manage/info.json],methods=[GET],produces=[application/vnd.spring-boot.actuator.v1+json || application/json]}" onto public java.lang.Object org.springframework.boot.actuate.endpoint.mvc.EndpointMvcAdapter.invoke()
2020-09-02 17:01:05.252  INFO 21616 --- [main] o.s.b.a.e.mvc.EndpointHandlerMapping     : Mapped "{[/manage/env/{name:.*}],methods=[GET],produces=[application/vnd.spring-boot.actuator.v1+json || application/json]}" onto public java.lang.Object org.springframework.boot.actuate.endpoint.mvc.EnvironmentMvcEndpoint.value(java.lang.String)
2020-09-02 17:01:05.253  INFO 21616 --- [main] o.s.b.a.e.mvc.EndpointHandlerMapping     : Mapped "{[/manage/env || /manage/env.json],methods=[GET],produces=[application/vnd.spring-boot.actuator.v1+json || application/json]}" onto public java.lang.Object org.springframework.boot.actuate.endpoint.mvc.EndpointMvcAdapter.invoke()
2020-09-02 17:01:05.253  INFO 21616 --- [main] o.s.b.a.e.mvc.EndpointHandlerMapping     : Mapped "{[/manage/metrics/{name:.*}],methods=[GET],produces=[application/vnd.spring-boot.actuator.v1+json || application/json]}" onto public java.lang.Object org.springframework.boot.actuate.endpoint.mvc.MetricsMvcEndpoint.value(java.lang.String)
2020-09-02 17:01:05.253  INFO 21616 --- [main] o.s.b.a.e.mvc.EndpointHandlerMapping     : Mapped "{[/manage/metrics || /manage/metrics.json],methods=[GET],produces=[application/vnd.spring-boot.actuator.v1+json || application/json]}" onto public java.lang.Object org.springframework.boot.actuate.endpoint.mvc.EndpointMvcAdapter.invoke()
2020-09-02 17:01:06.726  INFO 21616 --- [main] o.s.c.n.zuul.ZuulFilterInitializer       : Starting filter initializer
2020-09-02 17:01:06.833  INFO 21616 --- [main] o.s.j.e.a.AnnotationMBeanExporter        : Registering beans for JMX exposure on startup
2020-09-02 17:01:06.848  INFO 21616 --- [main] o.s.j.e.a.AnnotationMBeanExporter        : Bean with name 'configurationPropertiesRebinder' has been autodetected for JMX exposure
2020-09-02 17:01:06.849  INFO 21616 --- [main] o.s.j.e.a.AnnotationMBeanExporter        : Bean with name 'environmentManager' has been autodetected for JMX exposure
2020-09-02 17:01:06.849  INFO 21616 --- [main] o.s.j.e.a.AnnotationMBeanExporter        : Bean with name 'refreshEndpoint' has been autodetected for JMX exposure
2020-09-02 17:01:06.850  INFO 21616 --- [main] o.s.j.e.a.AnnotationMBeanExporter        : Bean with name 'routesEndpoint' has been autodetected for JMX exposure
2020-09-02 17:01:06.850  INFO 21616 --- [main] o.s.j.e.a.AnnotationMBeanExporter        : Bean with name 'routesMvcEndpoint' has been autodetected for JMX exposure
2020-09-02 17:01:06.851  INFO 21616 --- [main] o.s.j.e.a.AnnotationMBeanExporter        : Bean with name 'filtersEndpoint' has been autodetected for JMX exposure
2020-09-02 17:01:06.851  INFO 21616 --- [main] o.s.j.e.a.AnnotationMBeanExporter        : Bean with name 'refreshScope' has been autodetected for JMX exposure
2020-09-02 17:01:06.854  INFO 21616 --- [main] o.s.j.e.a.AnnotationMBeanExporter        : Located managed bean 'environmentManager': registering with JMX server as MBean [org.springframework.cloud.context.environment:name=environmentManager,type=EnvironmentManager]
2020-09-02 17:01:06.870  INFO 21616 --- [main] o.s.j.e.a.AnnotationMBeanExporter        : Located managed bean 'routesEndpoint': registering with JMX server as MBean [org.springframework.cloud.netflix.zuul:name=routesEndpoint,type=RoutesEndpoint]
2020-09-02 17:01:06.877  WARN 21616 --- [main] o.s.j.e.a.AnnotationMBeanExporter        : Bean with key 'routesEndpoint' has been registered as an MBean but has no exposed attributes or operations
2020-09-02 17:01:06.879  INFO 21616 --- [main] o.s.j.e.a.AnnotationMBeanExporter        : Located managed bean 'routesMvcEndpoint': registering with JMX server as MBean [org.springframework.cloud.netflix.zuul:name=routesMvcEndpoint,type=RoutesMvcEndpoint]
2020-09-02 17:01:06.889  INFO 21616 --- [main] o.s.j.e.a.AnnotationMBeanExporter        : Located managed bean 'filtersEndpoint': registering with JMX server as MBean [org.springframework.cloud.netflix.zuul:name=filtersEndpoint,type=FiltersEndpoint]
2020-09-02 17:01:06.890  WARN 21616 --- [main] o.s.j.e.a.AnnotationMBeanExporter        : Bean with key 'filtersEndpoint' has been registered as an MBean but has no exposed attributes or operations
2020-09-02 17:01:06.891  INFO 21616 --- [main] o.s.j.e.a.AnnotationMBeanExporter        : Located managed bean 'refreshScope': registering with JMX server as MBean [org.springframework.cloud.context.scope.refresh:name=refreshScope,type=RefreshScope]
2020-09-02 17:01:06.905  INFO 21616 --- [main] o.s.j.e.a.AnnotationMBeanExporter        : Located managed bean 'configurationPropertiesRebinder': registering with JMX server as MBean [org.springframework.cloud.context.properties:name=configurationPropertiesRebinder,context=4566e5bd,type=ConfigurationPropertiesRebinder]
2020-09-02 17:01:06.915  INFO 21616 --- [main] o.s.j.e.a.AnnotationMBeanExporter        : Located managed bean 'refreshEndpoint': registering with JMX server as MBean [org.springframework.cloud.endpoint:name=refreshEndpoint,type=RefreshEndpoint]
2020-09-02 17:01:06.944  INFO 21616 --- [main] o.s.c.support.DefaultLifecycleProcessor  : Starting beans in phase 0
2020-09-02 17:01:07.001  INFO 21616 --- [main] o.s.c.support.DefaultLifecycleProcessor  : Starting beans in phase 2147483647
2020-09-02 17:01:07.011  INFO 21616 --- [main] ration$HystrixMetricsPollerConfiguration : Starting poller
2020-09-02 17:01:07.119  INFO 21616 --- [main] s.b.c.e.t.TomcatEmbeddedServletContainer : Tomcat started on port(s): 8080 (http)
2020-09-02 17:01:07.130  INFO 21616 --- [main] o.a.s.apm.webapp.ApplicationStartUp      : Started ApplicationStartUp in 14.819 seconds (JVM running for 15.881)
2020-09-02 17:05:48.217  INFO 21616 --- [Thread-7] ationConfigEmbeddedWebApplicationContext : Closing org.springframework.boot.context.embedded.AnnotationConfigEmbeddedWebApplicationContext@4566e5bd: startup date [Wed Sep 02 17:00:56 CST 2020]; parent: org.springframework.context.annotation.AnnotationConfigApplicationContext@5d22bbb7
2020-09-02 17:05:48.219  INFO 21616 --- [Thread-7] o.s.c.support.DefaultLifecycleProcessor  : Stopping beans in phase 2147483647
2020-09-02 17:05:48.221  INFO 21616 --- [Thread-7] o.s.c.support.DefaultLifecycleProcessor  : Stopping beans in phase 0
2020-09-02 17:05:48.222  INFO 21616 --- [Thread-7] o.s.c.n.zuul.ZuulFilterInitializer       : Stopping filter initializer
2020-09-02 17:05:48.224  INFO 21616 --- [Thread-7] o.s.j.e.a.AnnotationMBeanExporter        : Unregistering JMX-exposed beans on shutdown
2020-09-02 17:05:48.225  INFO 21616 --- [Thread-7] o.s.j.e.a.AnnotationMBeanExporter        : Unregistering JMX-exposed beans
2020-09-02 17:05:48.243  WARN 21616 --- [Thread-7] c.n.c.sources.URLConfigurationSource     : No URLs will be polled as dynamic configuration sources.
2020-09-02 17:05:48.243  INFO 21616 --- [Thread-7] c.n.c.sources.URLConfigurationSource     : To enable URLs as dynamic configuration sources, define System property archaius.configurationSource.additionalUrls or make config.properties available on classpath.
2020-09-02 17:24:57.611  INFO 21952 --- [main] s.c.a.AnnotationConfigApplicationContext : Refreshing org.springframework.context.annotation.AnnotationConfigApplicationContext@5d22bbb7: startup date [Wed Sep 02 17:24:57 CST 2020]; root of context hierarchy
2020-09-02 17:24:58.082  INFO 21952 --- [main] f.a.AutowiredAnnotationBeanPostProcessor : JSR-330 'javax.inject.Inject' annotation found and supported for autowiring
2020-09-02 17:24:58.170  INFO 21952 --- [main] trationDelegate$BeanPostProcessorChecker : Bean 'configurationPropertiesRebinderAutoConfiguration' of type [org.springframework.cloud.autoconfigure.ConfigurationPropertiesRebinderAutoConfiguration$$EnhancerBySpringCGLIB$$40d9fcc6] is not eligible for getting processed by all BeanPostProcessors (for example: not eligible for auto-proxying)
2020-09-02 17:24:59.441  INFO 21952 --- [main] o.a.s.apm.webapp.ApplicationStartUp      : No active profile set, falling back to default profiles: default
2020-09-02 17:24:59.473  INFO 21952 --- [main] ationConfigEmbeddedWebApplicationContext : Refreshing org.springframework.boot.context.embedded.AnnotationConfigEmbeddedWebApplicationContext@4566e5bd: startup date [Wed Sep 02 17:24:59 CST 2020]; parent: org.springframework.context.annotation.AnnotationConfigApplicationContext@5d22bbb7
2020-09-02 17:25:00.688  INFO 21952 --- [main] o.s.b.f.s.DefaultListableBeanFactory     : Overriding bean definition for bean 'counterFactory' with a different definition: replacing [Root bean: class [null]; scope=; abstract=false; lazyInit=false; autowireMode=3; dependencyCheck=0; autowireCandidate=true; primary=false; factoryBeanName=org.springframework.cloud.netflix.zuul.ZuulServerAutoConfiguration$ZuulMetricsConfiguration; factoryMethodName=counterFactory; initMethodName=null; destroyMethodName=(inferred); defined in class path resource [org/springframework/cloud/netflix/zuul/ZuulServerAutoConfiguration$ZuulMetricsConfiguration.class]] with [Root bean: class [null]; scope=; abstract=false; lazyInit=false; autowireMode=3; dependencyCheck=0; autowireCandidate=true; primary=false; factoryBeanName=org.springframework.cloud.netflix.zuul.ZuulServerAutoConfiguration$ZuulCounterFactoryConfiguration; factoryMethodName=counterFactory; initMethodName=null; destroyMethodName=(inferred); defined in class path resource [org/springframework/cloud/netflix/zuul/ZuulServerAutoConfiguration$ZuulCounterFactoryConfiguration.class]]
2020-09-02 17:25:00.986  INFO 21952 --- [main] o.s.cloud.context.scope.GenericScope     : BeanFactory id=5c90c110-a47c-3c99-a38e-b0ff002b7284
2020-09-02 17:25:01.013  INFO 21952 --- [main] f.a.AutowiredAnnotationBeanPostProcessor : JSR-330 'javax.inject.Inject' annotation found and supported for autowiring
2020-09-02 17:25:01.449  INFO 21952 --- [main] trationDelegate$BeanPostProcessorChecker : Bean 'org.springframework.cloud.netflix.metrics.MetricsInterceptorConfiguration$MetricsRestTemplateConfiguration' of type [org.springframework.cloud.netflix.metrics.MetricsInterceptorConfiguration$MetricsRestTemplateConfiguration$$EnhancerBySpringCGLIB$$56eca00a] is not eligible for getting processed by all BeanPostProcessors (for example: not eligible for auto-proxying)
2020-09-02 17:25:01.813  INFO 21952 --- [main] trationDelegate$BeanPostProcessorChecker : Bean 'org.springframework.cloud.autoconfigure.ConfigurationPropertiesRebinderAutoConfiguration' of type [org.springframework.cloud.autoconfigure.ConfigurationPropertiesRebinderAutoConfiguration$$EnhancerBySpringCGLIB$$40d9fcc6] is not eligible for getting processed by all BeanPostProcessors (for example: not eligible for auto-proxying)
2020-09-02 17:25:03.122  INFO 21952 --- [main] s.b.c.e.t.TomcatEmbeddedServletContainer : Tomcat initialized with port(s): 8080 (http)
2020-09-02 17:25:03.177  INFO 21952 --- [main] o.apache.catalina.core.StandardService   : Starting service [Tomcat]
2020-09-02 17:25:03.178  INFO 21952 --- [main] org.apache.catalina.core.StandardEngine  : Starting Servlet Engine: Apache Tomcat/8.5.29
2020-09-02 17:25:03.421  INFO 21952 --- [localhost-startStop-1] o.a.c.c.C.[Tomcat].[localhost].[/]       : Initializing Spring embedded WebApplicationContext
2020-09-02 17:25:03.421  INFO 21952 --- [localhost-startStop-1] o.s.web.context.ContextLoader            : Root WebApplicationContext: initialization completed in 3948 ms
2020-09-02 17:25:05.092  INFO 21952 --- [localhost-startStop-1] o.s.b.w.servlet.ServletRegistrationBean  : Mapping servlet: 'dispatcherServlet' to [/]
2020-09-02 17:25:05.094  INFO 21952 --- [localhost-startStop-1] o.s.b.w.servlet.ServletRegistrationBean  : Mapping servlet: 'zuulServlet' to [/zuul/*]
2020-09-02 17:25:05.101  INFO 21952 --- [localhost-startStop-1] o.s.b.w.servlet.FilterRegistrationBean   : Mapping filter: 'metricsFilter' to: [/*]
2020-09-02 17:25:05.101  INFO 21952 --- [localhost-startStop-1] o.s.b.w.servlet.FilterRegistrationBean   : Mapping filter: 'characterEncodingFilter' to: [/*]
2020-09-02 17:25:05.102  INFO 21952 --- [localhost-startStop-1] o.s.b.w.servlet.FilterRegistrationBean   : Mapping filter: 'hiddenHttpMethodFilter' to: [/*]
2020-09-02 17:25:05.102  INFO 21952 --- [localhost-startStop-1] o.s.b.w.servlet.FilterRegistrationBean   : Mapping filter: 'httpPutFormContentFilter' to: [/*]
2020-09-02 17:25:05.102  INFO 21952 --- [localhost-startStop-1] o.s.b.w.servlet.FilterRegistrationBean   : Mapping filter: 'requestContextFilter' to: [/*]
2020-09-02 17:25:05.102  INFO 21952 --- [localhost-startStop-1] o.s.b.w.servlet.FilterRegistrationBean   : Mapping filter: 'webRequestLoggingFilter' to: [/*]
2020-09-02 17:25:05.102  INFO 21952 --- [localhost-startStop-1] o.s.b.w.servlet.FilterRegistrationBean   : Mapping filter: 'applicationContextIdFilter' to: [/*]
2020-09-02 17:25:05.246  WARN 21952 --- [main] c.n.c.sources.URLConfigurationSource     : No URLs will be polled as dynamic configuration sources.
2020-09-02 17:25:05.246  INFO 21952 --- [main] c.n.c.sources.URLConfigurationSource     : To enable URLs as dynamic configuration sources, define System property archaius.configurationSource.additionalUrls or make config.properties available on classpath.
2020-09-02 17:25:05.275  INFO 21952 --- [main] c.netflix.config.DynamicPropertyFactory  : DynamicPropertyFactory is initialized with configuration sources: com.netflix.config.ConcurrentCompositeConfiguration@13b13b5d
2020-09-02 17:25:06.085  WARN 21952 --- [main] o.s.c.n.a.ArchaiusAutoConfiguration      : No spring.application.name found, defaulting to 'application'
2020-09-02 17:25:06.086  WARN 21952 --- [main] c.n.c.sources.URLConfigurationSource     : No URLs will be polled as dynamic configuration sources.
2020-09-02 17:25:06.086  INFO 21952 --- [main] c.n.c.sources.URLConfigurationSource     : To enable URLs as dynamic configuration sources, define System property archaius.configurationSource.additionalUrls or make config.properties available on classpath.
2020-09-02 17:25:06.709  INFO 21952 --- [main] s.w.s.m.m.a.RequestMappingHandlerAdapter : Looking for @ControllerAdvice: org.springframework.boot.context.embedded.AnnotationConfigEmbeddedWebApplicationContext@4566e5bd: startup date [Wed Sep 02 17:24:59 CST 2020]; parent: org.springframework.context.annotation.AnnotationConfigApplicationContext@5d22bbb7
2020-09-02 17:25:06.960  INFO 21952 --- [main] s.w.s.m.m.a.RequestMappingHandlerMapping : Mapped "{[/error]}" onto public org.springframework.http.ResponseEntity<java.util.Map<java.lang.String, java.lang.Object>> org.springframework.boot.autoconfigure.web.BasicErrorController.error(javax.servlet.http.HttpServletRequest)
2020-09-02 17:25:06.961  INFO 21952 --- [main] s.w.s.m.m.a.RequestMappingHandlerMapping : Mapped "{[/error],produces=[text/html]}" onto public org.springframework.web.servlet.ModelAndView org.springframework.boot.autoconfigure.web.BasicErrorController.errorHtml(javax.servlet.http.HttpServletRequest,javax.servlet.http.HttpServletResponse)
2020-09-02 17:25:07.130  INFO 21952 --- [main] o.s.w.s.handler.SimpleUrlHandlerMapping  : Mapped URL path [/index.html] onto handler of type [class org.springframework.web.servlet.resource.ResourceHttpRequestHandler]
2020-09-02 17:25:07.130  INFO 21952 --- [main] o.s.w.s.handler.SimpleUrlHandlerMapping  : Mapped URL path [/css/**] onto handler of type [class org.springframework.web.servlet.resource.ResourceHttpRequestHandler]
2020-09-02 17:25:07.130  INFO 21952 --- [main] o.s.w.s.handler.SimpleUrlHandlerMapping  : Mapped URL path [/img/**] onto handler of type [class org.springframework.web.servlet.resource.ResourceHttpRequestHandler]
2020-09-02 17:25:07.130  INFO 21952 --- [main] o.s.w.s.handler.SimpleUrlHandlerMapping  : Mapped URL path [/js/**] onto handler of type [class org.springframework.web.servlet.resource.ResourceHttpRequestHandler]
2020-09-02 17:25:07.130  INFO 21952 --- [main] o.s.w.s.handler.SimpleUrlHandlerMapping  : Mapped URL path [/favicon.ico] onto handler of type [class org.springframework.web.servlet.resource.ResourceHttpRequestHandler]
2020-09-02 17:25:07.130  INFO 21952 --- [main] o.s.w.s.handler.SimpleUrlHandlerMapping  : Mapped URL path [/logo.png] onto handler of type [class org.springframework.web.servlet.resource.ResourceHttpRequestHandler]
2020-09-02 17:25:07.163  INFO 21952 --- [main] .m.m.a.ExceptionHandlerExceptionResolver : Detected @ExceptionHandler methods in notFoundHandler
2020-09-02 17:25:07.232  INFO 21952 --- [main] o.s.w.s.handler.SimpleUrlHandlerMapping  : Mapped URL path [/**/favicon.ico] onto handler of type [class org.springframework.web.servlet.resource.ResourceHttpRequestHandler]
2020-09-02 17:25:07.299  INFO 21952 --- [main] oConfiguration$WelcomePageHandlerMapping : Adding welcome page: class path resource [public/index.html]
2020-09-02 17:25:08.124  INFO 21952 --- [main] o.s.b.a.e.mvc.EndpointHandlerMapping     : Mapped "{[/manage/auditevents || /manage/auditevents.json],methods=[GET],produces=[application/vnd.spring-boot.actuator.v1+json || application/json]}" onto public org.springframework.http.ResponseEntity<?> org.springframework.boot.actuate.endpoint.mvc.AuditEventsMvcEndpoint.findByPrincipalAndAfterAndType(java.lang.String,java.util.Date,java.lang.String)
2020-09-02 17:25:08.128  INFO 21952 --- [main] o.s.b.a.e.mvc.EndpointHandlerMapping     : Mapped "{[/manage/routes || /manage/routes.json],methods=[POST]}" onto public java.lang.Object org.springframework.cloud.netflix.zuul.RoutesMvcEndpoint.reset()
2020-09-02 17:25:08.129  INFO 21952 --- [main] o.s.b.a.e.mvc.EndpointHandlerMapping     : Mapped "{[/manage/routes || /manage/routes.json],methods=[GET],params=[format],produces=[application/vnd.spring-boot.actuator.v1+json || application/json]}" onto public java.lang.Object org.springframework.cloud.netflix.zuul.RoutesMvcEndpoint.invokeRouteDetails(java.lang.String)
2020-09-02 17:25:08.129  INFO 21952 --- [main] o.s.b.a.e.mvc.EndpointHandlerMapping     : Mapped "{[/manage/routes || /manage/routes.json],methods=[GET],produces=[application/vnd.spring-boot.actuator.v1+json || application/json]}" onto public java.lang.Object org.springframework.boot.actuate.endpoint.mvc.EndpointMvcAdapter.invoke()
2020-09-02 17:25:08.129  INFO 21952 --- [main] o.s.b.a.e.mvc.EndpointHandlerMapping     : Mapped "{[/manage/archaius || /manage/archaius.json],methods=[GET],produces=[application/vnd.spring-boot.actuator.v1+json || application/json]}" onto public java.lang.Object org.springframework.boot.actuate.endpoint.mvc.EndpointMvcAdapter.invoke()
2020-09-02 17:25:08.130  INFO 21952 --- [main] o.s.b.a.e.mvc.EndpointHandlerMapping     : Mapped "{[/manage/dump || /manage/dump.json],methods=[GET],produces=[application/vnd.spring-boot.actuator.v1+json || application/json]}" onto public java.lang.Object org.springframework.boot.actuate.endpoint.mvc.EndpointMvcAdapter.invoke()
2020-09-02 17:25:08.131  INFO 21952 --- [main] o.s.b.a.e.mvc.EndpointHandlerMapping     : Mapped "{[/manage/refresh || /manage/refresh.json],methods=[POST]}" onto public java.lang.Object org.springframework.cloud.endpoint.GenericPostableMvcEndpoint.invoke()
2020-09-02 17:25:08.132  INFO 21952 --- [main] o.s.b.a.e.mvc.EndpointHandlerMapping     : Mapped "{[/manage/health || /manage/health.json],methods=[GET],produces=[application/vnd.spring-boot.actuator.v1+json || application/json]}" onto public java.lang.Object org.springframework.boot.actuate.endpoint.mvc.HealthMvcEndpoint.invoke(javax.servlet.http.HttpServletRequest,java.security.Principal)
2020-09-02 17:25:08.133  INFO 21952 --- [main] o.s.b.a.e.mvc.EndpointHandlerMapping     : Mapped "{[/manage/mappings || /manage/mappings.json],methods=[GET],produces=[application/vnd.spring-boot.actuator.v1+json || application/json]}" onto public java.lang.Object org.springframework.boot.actuate.endpoint.mvc.EndpointMvcAdapter.invoke()
2020-09-02 17:25:08.135  INFO 21952 --- [main] o.s.b.a.e.mvc.EndpointHandlerMapping     : Mapped "{[/manage/logfile || /manage/logfile.json],methods=[GET || HEAD]}" onto public void org.springframework.boot.actuate.endpoint.mvc.LogFileMvcEndpoint.invoke(javax.servlet.http.HttpServletRequest,javax.servlet.http.HttpServletResponse) throws javax.servlet.ServletException,java.io.IOException
2020-09-02 17:25:08.136  INFO 21952 --- [main] o.s.b.a.e.mvc.EndpointHandlerMapping     : Mapped "{[/manage/beans || /manage/beans.json],methods=[GET],produces=[application/vnd.spring-boot.actuator.v1+json || application/json]}" onto public java.lang.Object org.springframework.boot.actuate.endpoint.mvc.EndpointMvcAdapter.invoke()
2020-09-02 17:25:08.137  INFO 21952 --- [main] o.s.b.a.e.mvc.EndpointHandlerMapping     : Mapped "{[/manage/hystrix.stream/**]}" onto public org.springframework.web.servlet.ModelAndView org.springframework.cloud.netflix.endpoint.ServletWrappingEndpoint.handle(javax.servlet.http.HttpServletRequest,javax.servlet.http.HttpServletResponse) throws java.lang.Exception
2020-09-02 17:25:08.138  INFO 21952 --- [main] o.s.b.a.e.mvc.EndpointHandlerMapping     : Mapped "{[/manage/heapdump || /manage/heapdump.json],methods=[GET],produces=[application/octet-stream]}" onto public void org.springframework.boot.actuate.endpoint.mvc.HeapdumpMvcEndpoint.invoke(boolean,javax.servlet.http.HttpServletRequest,javax.servlet.http.HttpServletResponse) throws java.io.IOException,javax.servlet.ServletException
2020-09-02 17:25:08.140  INFO 21952 --- [main] o.s.b.a.e.mvc.EndpointHandlerMapping     : Mapped "{[/manage/autoconfig || /manage/autoconfig.json],methods=[GET],produces=[application/vnd.spring-boot.actuator.v1+json || application/json]}" onto public java.lang.Object org.springframework.boot.actuate.endpoint.mvc.EndpointMvcAdapter.invoke()
2020-09-02 17:25:08.141  INFO 21952 --- [main] o.s.b.a.e.mvc.EndpointHandlerMapping     : Mapped "{[/manage/env],methods=[POST]}" onto public java.lang.Object org.springframework.cloud.context.environment.EnvironmentManagerMvcEndpoint.value(java.util.Map<java.lang.String, java.lang.String>)
2020-09-02 17:25:08.141  INFO 21952 --- [main] o.s.b.a.e.mvc.EndpointHandlerMapping     : Mapped "{[/manage/env/reset],methods=[POST]}" onto public java.util.Map<java.lang.String, java.lang.Object> org.springframework.cloud.context.environment.EnvironmentManagerMvcEndpoint.reset()
2020-09-02 17:25:08.142  INFO 21952 --- [main] o.s.b.a.e.mvc.EndpointHandlerMapping     : Mapped "{[/manage/filters || /manage/filters.json],methods=[GET],produces=[application/vnd.spring-boot.actuator.v1+json || application/json]}" onto public java.lang.Object org.springframework.boot.actuate.endpoint.mvc.EndpointMvcAdapter.invoke()
2020-09-02 17:25:08.143  INFO 21952 --- [main] o.s.b.a.e.mvc.EndpointHandlerMapping     : Mapped "{[/manage/trace || /manage/trace.json],methods=[GET],produces=[application/vnd.spring-boot.actuator.v1+json || application/json]}" onto public java.lang.Object org.springframework.boot.actuate.endpoint.mvc.EndpointMvcAdapter.invoke()
2020-09-02 17:25:08.144  INFO 21952 --- [main] o.s.b.a.e.mvc.EndpointHandlerMapping     : Mapped "{[/manage/configprops || /manage/configprops.json],methods=[GET],produces=[application/vnd.spring-boot.actuator.v1+json || application/json]}" onto public java.lang.Object org.springframework.boot.actuate.endpoint.mvc.EndpointMvcAdapter.invoke()
2020-09-02 17:25:08.146  INFO 21952 --- [main] o.s.b.a.e.mvc.EndpointHandlerMapping     : Mapped "{[/manage/loggers/{name:.*}],methods=[GET],produces=[application/vnd.spring-boot.actuator.v1+json || application/json]}" onto public java.lang.Object org.springframework.boot.actuate.endpoint.mvc.LoggersMvcEndpoint.get(java.lang.String)
2020-09-02 17:25:08.146  INFO 21952 --- [main] o.s.b.a.e.mvc.EndpointHandlerMapping     : Mapped "{[/manage/loggers/{name:.*}],methods=[POST],consumes=[application/vnd.spring-boot.actuator.v1+json || application/json],produces=[application/vnd.spring-boot.actuator.v1+json || application/json]}" onto public java.lang.Object org.springframework.boot.actuate.endpoint.mvc.LoggersMvcEndpoint.set(java.lang.String,java.util.Map<java.lang.String, java.lang.String>)
2020-09-02 17:25:08.146  INFO 21952 --- [main] o.s.b.a.e.mvc.EndpointHandlerMapping     : Mapped "{[/manage/loggers || /manage/loggers.json],methods=[GET],produces=[application/vnd.spring-boot.actuator.v1+json || application/json]}" onto public java.lang.Object org.springframework.boot.actuate.endpoint.mvc.EndpointMvcAdapter.invoke()
2020-09-02 17:25:08.146  INFO 21952 --- [main] o.s.b.a.e.mvc.EndpointHandlerMapping     : Mapped "{[/manage/features || /manage/features.json],methods=[GET],produces=[application/vnd.spring-boot.actuator.v1+json || application/json]}" onto public java.lang.Object org.springframework.boot.actuate.endpoint.mvc.EndpointMvcAdapter.invoke()
2020-09-02 17:25:08.147  INFO 21952 --- [main] o.s.b.a.e.mvc.EndpointHandlerMapping     : Mapped "{[/manage/info || /manage/info.json],methods=[GET],produces=[application/vnd.spring-boot.actuator.v1+json || application/json]}" onto public java.lang.Object org.springframework.boot.actuate.endpoint.mvc.EndpointMvcAdapter.invoke()
2020-09-02 17:25:08.147  INFO 21952 --- [main] o.s.b.a.e.mvc.EndpointHandlerMapping     : Mapped "{[/manage/env/{name:.*}],methods=[GET],produces=[application/vnd.spring-boot.actuator.v1+json || application/json]}" onto public java.lang.Object org.springframework.boot.actuate.endpoint.mvc.EnvironmentMvcEndpoint.value(java.lang.String)
2020-09-02 17:25:08.148  INFO 21952 --- [main] o.s.b.a.e.mvc.EndpointHandlerMapping     : Mapped "{[/manage/env || /manage/env.json],methods=[GET],produces=[application/vnd.spring-boot.actuator.v1+json || application/json]}" onto public java.lang.Object org.springframework.boot.actuate.endpoint.mvc.EndpointMvcAdapter.invoke()
2020-09-02 17:25:08.149  INFO 21952 --- [main] o.s.b.a.e.mvc.EndpointHandlerMapping     : Mapped "{[/manage/metrics/{name:.*}],methods=[GET],produces=[application/vnd.spring-boot.actuator.v1+json || application/json]}" onto public java.lang.Object org.springframework.boot.actuate.endpoint.mvc.MetricsMvcEndpoint.value(java.lang.String)
2020-09-02 17:25:08.150  INFO 21952 --- [main] o.s.b.a.e.mvc.EndpointHandlerMapping     : Mapped "{[/manage/metrics || /manage/metrics.json],methods=[GET],produces=[application/vnd.spring-boot.actuator.v1+json || application/json]}" onto public java.lang.Object org.springframework.boot.actuate.endpoint.mvc.EndpointMvcAdapter.invoke()
2020-09-02 17:25:09.260  INFO 21952 --- [main] o.s.c.n.zuul.ZuulFilterInitializer       : Starting filter initializer
2020-09-02 17:25:09.352  INFO 21952 --- [main] o.s.j.e.a.AnnotationMBeanExporter        : Registering beans for JMX exposure on startup
2020-09-02 17:25:09.362  INFO 21952 --- [main] o.s.j.e.a.AnnotationMBeanExporter        : Bean with name 'configurationPropertiesRebinder' has been autodetected for JMX exposure
2020-09-02 17:25:09.362  INFO 21952 --- [main] o.s.j.e.a.AnnotationMBeanExporter        : Bean with name 'environmentManager' has been autodetected for JMX exposure
2020-09-02 17:25:09.363  INFO 21952 --- [main] o.s.j.e.a.AnnotationMBeanExporter        : Bean with name 'refreshEndpoint' has been autodetected for JMX exposure
2020-09-02 17:25:09.365  INFO 21952 --- [main] o.s.j.e.a.AnnotationMBeanExporter        : Bean with name 'routesEndpoint' has been autodetected for JMX exposure
2020-09-02 17:25:09.366  INFO 21952 --- [main] o.s.j.e.a.AnnotationMBeanExporter        : Bean with name 'routesMvcEndpoint' has been autodetected for JMX exposure
2020-09-02 17:25:09.366  INFO 21952 --- [main] o.s.j.e.a.AnnotationMBeanExporter        : Bean with name 'filtersEndpoint' has been autodetected for JMX exposure
2020-09-02 17:25:09.368  INFO 21952 --- [main] o.s.j.e.a.AnnotationMBeanExporter        : Bean with name 'refreshScope' has been autodetected for JMX exposure
2020-09-02 17:25:09.372  INFO 21952 --- [main] o.s.j.e.a.AnnotationMBeanExporter        : Located managed bean 'environmentManager': registering with JMX server as MBean [org.springframework.cloud.context.environment:name=environmentManager,type=EnvironmentManager]
2020-09-02 17:25:09.397  INFO 21952 --- [main] o.s.j.e.a.AnnotationMBeanExporter        : Located managed bean 'routesEndpoint': registering with JMX server as MBean [org.springframework.cloud.netflix.zuul:name=routesEndpoint,type=RoutesEndpoint]
2020-09-02 17:25:09.402  WARN 21952 --- [main] o.s.j.e.a.AnnotationMBeanExporter        : Bean with key 'routesEndpoint' has been registered as an MBean but has no exposed attributes or operations
2020-09-02 17:25:09.403  INFO 21952 --- [main] o.s.j.e.a.AnnotationMBeanExporter        : Located managed bean 'routesMvcEndpoint': registering with JMX server as MBean [org.springframework.cloud.netflix.zuul:name=routesMvcEndpoint,type=RoutesMvcEndpoint]
2020-09-02 17:25:09.412  INFO 21952 --- [main] o.s.j.e.a.AnnotationMBeanExporter        : Located managed bean 'filtersEndpoint': registering with JMX server as MBean [org.springframework.cloud.netflix.zuul:name=filtersEndpoint,type=FiltersEndpoint]
2020-09-02 17:25:09.412  WARN 21952 --- [main] o.s.j.e.a.AnnotationMBeanExporter        : Bean with key 'filtersEndpoint' has been registered as an MBean but has no exposed attributes or operations
2020-09-02 17:25:09.413  INFO 21952 --- [main] o.s.j.e.a.AnnotationMBeanExporter        : Located managed bean 'refreshScope': registering with JMX server as MBean [org.springframework.cloud.context.scope.refresh:name=refreshScope,type=RefreshScope]
2020-09-02 17:25:09.429  INFO 21952 --- [main] o.s.j.e.a.AnnotationMBeanExporter        : Located managed bean 'configurationPropertiesRebinder': registering with JMX server as MBean [org.springframework.cloud.context.properties:name=configurationPropertiesRebinder,context=4566e5bd,type=ConfigurationPropertiesRebinder]
2020-09-02 17:25:09.438  INFO 21952 --- [main] o.s.j.e.a.AnnotationMBeanExporter        : Located managed bean 'refreshEndpoint': registering with JMX server as MBean [org.springframework.cloud.endpoint:name=refreshEndpoint,type=RefreshEndpoint]
2020-09-02 17:25:09.460  INFO 21952 --- [main] o.s.c.support.DefaultLifecycleProcessor  : Starting beans in phase 0
2020-09-02 17:25:09.504  INFO 21952 --- [main] o.s.c.support.DefaultLifecycleProcessor  : Starting beans in phase 2147483647
2020-09-02 17:25:09.511  INFO 21952 --- [main] ration$HystrixMetricsPollerConfiguration : Starting poller
2020-09-02 17:25:09.567  INFO 21952 --- [main] s.b.c.e.t.TomcatEmbeddedServletContainer : Tomcat started on port(s): 8080 (http)
2020-09-02 17:25:09.570  INFO 21952 --- [main] o.a.s.apm.webapp.ApplicationStartUp      : Started ApplicationStartUp in 13.925 seconds (JVM running for 14.928)
2020-09-02 17:25:10.271  INFO 21952 --- [Thread-7] ationConfigEmbeddedWebApplicationContext : Closing org.springframework.boot.context.embedded.AnnotationConfigEmbeddedWebApplicationContext@4566e5bd: startup date [Wed Sep 02 17:24:59 CST 2020]; parent: org.springframework.context.annotation.AnnotationConfigApplicationContext@5d22bbb7
2020-09-02 17:25:10.273  INFO 21952 --- [Thread-7] o.s.c.support.DefaultLifecycleProcessor  : Stopping beans in phase 2147483647
2020-09-02 17:25:10.275  INFO 21952 --- [Thread-7] o.s.c.support.DefaultLifecycleProcessor  : Stopping beans in phase 0
2020-09-02 17:25:10.275  INFO 21952 --- [Thread-7] o.s.c.n.zuul.ZuulFilterInitializer       : Stopping filter initializer
2020-09-02 17:25:10.278  INFO 21952 --- [Thread-7] o.s.j.e.a.AnnotationMBeanExporter        : Unregistering JMX-exposed beans on shutdown
2020-09-02 17:25:10.278  INFO 21952 --- [Thread-7] o.s.j.e.a.AnnotationMBeanExporter        : Unregistering JMX-exposed beans
2020-09-02 17:25:10.296  WARN 21952 --- [Thread-7] c.n.c.sources.URLConfigurationSource     : No URLs will be polled as dynamic configuration sources.
2020-09-02 17:25:10.297  INFO 21952 --- [Thread-7] c.n.c.sources.URLConfigurationSource     : To enable URLs as dynamic configuration sources, define System property archaius.configurationSource.additionalUrls or make config.properties available on classpath.
2020-09-02 17:28:26.237  INFO 3296 --- [main] s.c.a.AnnotationConfigApplicationContext : Refreshing org.springframework.context.annotation.AnnotationConfigApplicationContext@5d22bbb7: startup date [Wed Sep 02 17:28:26 CST 2020]; root of context hierarchy
2020-09-02 17:28:26.793  INFO 3296 --- [main] f.a.AutowiredAnnotationBeanPostProcessor : JSR-330 'javax.inject.Inject' annotation found and supported for autowiring
2020-09-02 17:28:26.903  INFO 3296 --- [main] trationDelegate$BeanPostProcessorChecker : Bean 'configurationPropertiesRebinderAutoConfiguration' of type [org.springframework.cloud.autoconfigure.ConfigurationPropertiesRebinderAutoConfiguration$$EnhancerBySpringCGLIB$$40d9fcc6] is not eligible for getting processed by all BeanPostProcessors (for example: not eligible for auto-proxying)
2020-09-02 17:28:28.120  INFO 3296 --- [main] o.a.s.apm.webapp.ApplicationStartUp      : No active profile set, falling back to default profiles: default
2020-09-02 17:28:28.156  INFO 3296 --- [main] ationConfigEmbeddedWebApplicationContext : Refreshing org.springframework.boot.context.embedded.AnnotationConfigEmbeddedWebApplicationContext@4566e5bd: startup date [Wed Sep 02 17:28:28 CST 2020]; parent: org.springframework.context.annotation.AnnotationConfigApplicationContext@5d22bbb7
2020-09-02 17:28:29.388  INFO 3296 --- [main] o.s.b.f.s.DefaultListableBeanFactory     : Overriding bean definition for bean 'counterFactory' with a different definition: replacing [Root bean: class [null]; scope=; abstract=false; lazyInit=false; autowireMode=3; dependencyCheck=0; autowireCandidate=true; primary=false; factoryBeanName=org.springframework.cloud.netflix.zuul.ZuulServerAutoConfiguration$ZuulMetricsConfiguration; factoryMethodName=counterFactory; initMethodName=null; destroyMethodName=(inferred); defined in class path resource [org/springframework/cloud/netflix/zuul/ZuulServerAutoConfiguration$ZuulMetricsConfiguration.class]] with [Root bean: class [null]; scope=; abstract=false; lazyInit=false; autowireMode=3; dependencyCheck=0; autowireCandidate=true; primary=false; factoryBeanName=org.springframework.cloud.netflix.zuul.ZuulServerAutoConfiguration$ZuulCounterFactoryConfiguration; factoryMethodName=counterFactory; initMethodName=null; destroyMethodName=(inferred); defined in class path resource [org/springframework/cloud/netflix/zuul/ZuulServerAutoConfiguration$ZuulCounterFactoryConfiguration.class]]
2020-09-02 17:28:29.772  INFO 3296 --- [main] o.s.cloud.context.scope.GenericScope     : BeanFactory id=5c90c110-a47c-3c99-a38e-b0ff002b7284
2020-09-02 17:28:29.802  INFO 3296 --- [main] f.a.AutowiredAnnotationBeanPostProcessor : JSR-330 'javax.inject.Inject' annotation found and supported for autowiring
2020-09-02 17:28:30.044  INFO 3296 --- [main] trationDelegate$BeanPostProcessorChecker : Bean 'org.springframework.cloud.netflix.metrics.MetricsInterceptorConfiguration$MetricsRestTemplateConfiguration' of type [org.springframework.cloud.netflix.metrics.MetricsInterceptorConfiguration$MetricsRestTemplateConfiguration$$EnhancerBySpringCGLIB$$56eca00a] is not eligible for getting processed by all BeanPostProcessors (for example: not eligible for auto-proxying)
2020-09-02 17:28:30.604  INFO 3296 --- [main] trationDelegate$BeanPostProcessorChecker : Bean 'org.springframework.cloud.autoconfigure.ConfigurationPropertiesRebinderAutoConfiguration' of type [org.springframework.cloud.autoconfigure.ConfigurationPropertiesRebinderAutoConfiguration$$EnhancerBySpringCGLIB$$40d9fcc6] is not eligible for getting processed by all BeanPostProcessors (for example: not eligible for auto-proxying)
2020-09-02 17:28:31.940  INFO 3296 --- [main] s.b.c.e.t.TomcatEmbeddedServletContainer : Tomcat initialized with port(s): 9095 (http)
2020-09-02 17:28:31.986  INFO 3296 --- [main] o.apache.catalina.core.StandardService   : Starting service [Tomcat]
2020-09-02 17:28:31.987  INFO 3296 --- [main] org.apache.catalina.core.StandardEngine  : Starting Servlet Engine: Apache Tomcat/8.5.29
2020-09-02 17:28:32.224  INFO 3296 --- [localhost-startStop-1] o.a.c.c.C.[Tomcat].[localhost].[/]       : Initializing Spring embedded WebApplicationContext
2020-09-02 17:28:32.224  INFO 3296 --- [localhost-startStop-1] o.s.web.context.ContextLoader            : Root WebApplicationContext: initialization completed in 4068 ms
2020-09-02 17:28:33.835  INFO 3296 --- [localhost-startStop-1] o.s.b.w.servlet.ServletRegistrationBean  : Mapping servlet: 'dispatcherServlet' to [/]
2020-09-02 17:28:33.837  INFO 3296 --- [localhost-startStop-1] o.s.b.w.servlet.ServletRegistrationBean  : Mapping servlet: 'zuulServlet' to [/zuul/*]
2020-09-02 17:28:33.845  INFO 3296 --- [localhost-startStop-1] o.s.b.w.servlet.FilterRegistrationBean   : Mapping filter: 'metricsFilter' to: [/*]
2020-09-02 17:28:33.846  INFO 3296 --- [localhost-startStop-1] o.s.b.w.servlet.FilterRegistrationBean   : Mapping filter: 'characterEncodingFilter' to: [/*]
2020-09-02 17:28:33.846  INFO 3296 --- [localhost-startStop-1] o.s.b.w.servlet.FilterRegistrationBean   : Mapping filter: 'hiddenHttpMethodFilter' to: [/*]
2020-09-02 17:28:33.846  INFO 3296 --- [localhost-startStop-1] o.s.b.w.servlet.FilterRegistrationBean   : Mapping filter: 'httpPutFormContentFilter' to: [/*]
2020-09-02 17:28:33.846  INFO 3296 --- [localhost-startStop-1] o.s.b.w.servlet.FilterRegistrationBean   : Mapping filter: 'requestContextFilter' to: [/*]
2020-09-02 17:28:33.846  INFO 3296 --- [localhost-startStop-1] o.s.b.w.servlet.FilterRegistrationBean   : Mapping filter: 'webRequestLoggingFilter' to: [/*]
2020-09-02 17:28:33.846  INFO 3296 --- [localhost-startStop-1] o.s.b.w.servlet.FilterRegistrationBean   : Mapping filter: 'applicationContextIdFilter' to: [/*]
2020-09-02 17:28:33.958  WARN 3296 --- [main] c.n.c.sources.URLConfigurationSource     : No URLs will be polled as dynamic configuration sources.
2020-09-02 17:28:33.958  INFO 3296 --- [main] c.n.c.sources.URLConfigurationSource     : To enable URLs as dynamic configuration sources, define System property archaius.configurationSource.additionalUrls or make config.properties available on classpath.
2020-09-02 17:28:33.977  INFO 3296 --- [main] c.netflix.config.DynamicPropertyFactory  : DynamicPropertyFactory is initialized with configuration sources: com.netflix.config.ConcurrentCompositeConfiguration@13b13b5d
2020-09-02 17:28:34.869  WARN 3296 --- [main] o.s.c.n.a.ArchaiusAutoConfiguration      : No spring.application.name found, defaulting to 'application'
2020-09-02 17:28:34.869  WARN 3296 --- [main] c.n.c.sources.URLConfigurationSource     : No URLs will be polled as dynamic configuration sources.
2020-09-02 17:28:34.870  INFO 3296 --- [main] c.n.c.sources.URLConfigurationSource     : To enable URLs as dynamic configuration sources, define System property archaius.configurationSource.additionalUrls or make config.properties available on classpath.
2020-09-02 17:28:35.685  INFO 3296 --- [main] s.w.s.m.m.a.RequestMappingHandlerAdapter : Looking for @ControllerAdvice: org.springframework.boot.context.embedded.AnnotationConfigEmbeddedWebApplicationContext@4566e5bd: startup date [Wed Sep 02 17:28:28 CST 2020]; parent: org.springframework.context.annotation.AnnotationConfigApplicationContext@5d22bbb7
2020-09-02 17:28:35.945  INFO 3296 --- [main] s.w.s.m.m.a.RequestMappingHandlerMapping : Mapped "{[/error]}" onto public org.springframework.http.ResponseEntity<java.util.Map<java.lang.String, java.lang.Object>> org.springframework.boot.autoconfigure.web.BasicErrorController.error(javax.servlet.http.HttpServletRequest)
2020-09-02 17:28:35.947  INFO 3296 --- [main] s.w.s.m.m.a.RequestMappingHandlerMapping : Mapped "{[/error],produces=[text/html]}" onto public org.springframework.web.servlet.ModelAndView org.springframework.boot.autoconfigure.web.BasicErrorController.errorHtml(javax.servlet.http.HttpServletRequest,javax.servlet.http.HttpServletResponse)
2020-09-02 17:28:36.065  INFO 3296 --- [main] o.s.w.s.handler.SimpleUrlHandlerMapping  : Mapped URL path [/index.html] onto handler of type [class org.springframework.web.servlet.resource.ResourceHttpRequestHandler]
2020-09-02 17:28:36.065  INFO 3296 --- [main] o.s.w.s.handler.SimpleUrlHandlerMapping  : Mapped URL path [/css/**] onto handler of type [class org.springframework.web.servlet.resource.ResourceHttpRequestHandler]
2020-09-02 17:28:36.065  INFO 3296 --- [main] o.s.w.s.handler.SimpleUrlHandlerMapping  : Mapped URL path [/img/**] onto handler of type [class org.springframework.web.servlet.resource.ResourceHttpRequestHandler]
2020-09-02 17:28:36.065  INFO 3296 --- [main] o.s.w.s.handler.SimpleUrlHandlerMapping  : Mapped URL path [/js/**] onto handler of type [class org.springframework.web.servlet.resource.ResourceHttpRequestHandler]
2020-09-02 17:28:36.065  INFO 3296 --- [main] o.s.w.s.handler.SimpleUrlHandlerMapping  : Mapped URL path [/favicon.ico] onto handler of type [class org.springframework.web.servlet.resource.ResourceHttpRequestHandler]
2020-09-02 17:28:36.065  INFO 3296 --- [main] o.s.w.s.handler.SimpleUrlHandlerMapping  : Mapped URL path [/logo.png] onto handler of type [class org.springframework.web.servlet.resource.ResourceHttpRequestHandler]
2020-09-02 17:28:36.096  INFO 3296 --- [main] .m.m.a.ExceptionHandlerExceptionResolver : Detected @ExceptionHandler methods in notFoundHandler
2020-09-02 17:28:36.162  INFO 3296 --- [main] o.s.w.s.handler.SimpleUrlHandlerMapping  : Mapped URL path [/**/favicon.ico] onto handler of type [class org.springframework.web.servlet.resource.ResourceHttpRequestHandler]
2020-09-02 17:28:36.218  INFO 3296 --- [main] oConfiguration$WelcomePageHandlerMapping : Adding welcome page: class path resource [public/index.html]
2020-09-02 17:28:37.135  INFO 3296 --- [main] o.s.b.a.e.mvc.EndpointHandlerMapping     : Mapped "{[/manage/auditevents || /manage/auditevents.json],methods=[GET],produces=[application/vnd.spring-boot.actuator.v1+json || application/json]}" onto public org.springframework.http.ResponseEntity<?> org.springframework.boot.actuate.endpoint.mvc.AuditEventsMvcEndpoint.findByPrincipalAndAfterAndType(java.lang.String,java.util.Date,java.lang.String)
2020-09-02 17:28:37.144  INFO 3296 --- [main] o.s.b.a.e.mvc.EndpointHandlerMapping     : Mapped "{[/manage/routes || /manage/routes.json],methods=[POST]}" onto public java.lang.Object org.springframework.cloud.netflix.zuul.RoutesMvcEndpoint.reset()
2020-09-02 17:28:37.145  INFO 3296 --- [main] o.s.b.a.e.mvc.EndpointHandlerMapping     : Mapped "{[/manage/routes || /manage/routes.json],methods=[GET],params=[format],produces=[application/vnd.spring-boot.actuator.v1+json || application/json]}" onto public java.lang.Object org.springframework.cloud.netflix.zuul.RoutesMvcEndpoint.invokeRouteDetails(java.lang.String)
2020-09-02 17:28:37.145  INFO 3296 --- [main] o.s.b.a.e.mvc.EndpointHandlerMapping     : Mapped "{[/manage/routes || /manage/routes.json],methods=[GET],produces=[application/vnd.spring-boot.actuator.v1+json || application/json]}" onto public java.lang.Object org.springframework.boot.actuate.endpoint.mvc.EndpointMvcAdapter.invoke()
2020-09-02 17:28:37.146  INFO 3296 --- [main] o.s.b.a.e.mvc.EndpointHandlerMapping     : Mapped "{[/manage/archaius || /manage/archaius.json],methods=[GET],produces=[application/vnd.spring-boot.actuator.v1+json || application/json]}" onto public java.lang.Object org.springframework.boot.actuate.endpoint.mvc.EndpointMvcAdapter.invoke()
2020-09-02 17:28:37.147  INFO 3296 --- [main] o.s.b.a.e.mvc.EndpointHandlerMapping     : Mapped "{[/manage/dump || /manage/dump.json],methods=[GET],produces=[application/vnd.spring-boot.actuator.v1+json || application/json]}" onto public java.lang.Object org.springframework.boot.actuate.endpoint.mvc.EndpointMvcAdapter.invoke()
2020-09-02 17:28:37.147  INFO 3296 --- [main] o.s.b.a.e.mvc.EndpointHandlerMapping     : Mapped "{[/manage/refresh || /manage/refresh.json],methods=[POST]}" onto public java.lang.Object org.springframework.cloud.endpoint.GenericPostableMvcEndpoint.invoke()
2020-09-02 17:28:37.148  INFO 3296 --- [main] o.s.b.a.e.mvc.EndpointHandlerMapping     : Mapped "{[/manage/health || /manage/health.json],methods=[GET],produces=[application/vnd.spring-boot.actuator.v1+json || application/json]}" onto public java.lang.Object org.springframework.boot.actuate.endpoint.mvc.HealthMvcEndpoint.invoke(javax.servlet.http.HttpServletRequest,java.security.Principal)
2020-09-02 17:28:37.148  INFO 3296 --- [main] o.s.b.a.e.mvc.EndpointHandlerMapping     : Mapped "{[/manage/mappings || /manage/mappings.json],methods=[GET],produces=[application/vnd.spring-boot.actuator.v1+json || application/json]}" onto public java.lang.Object org.springframework.boot.actuate.endpoint.mvc.EndpointMvcAdapter.invoke()
2020-09-02 17:28:37.150  INFO 3296 --- [main] o.s.b.a.e.mvc.EndpointHandlerMapping     : Mapped "{[/manage/logfile || /manage/logfile.json],methods=[GET || HEAD]}" onto public void org.springframework.boot.actuate.endpoint.mvc.LogFileMvcEndpoint.invoke(javax.servlet.http.HttpServletRequest,javax.servlet.http.HttpServletResponse) throws javax.servlet.ServletException,java.io.IOException
2020-09-02 17:28:37.151  INFO 3296 --- [main] o.s.b.a.e.mvc.EndpointHandlerMapping     : Mapped "{[/manage/beans || /manage/beans.json],methods=[GET],produces=[application/vnd.spring-boot.actuator.v1+json || application/json]}" onto public java.lang.Object org.springframework.boot.actuate.endpoint.mvc.EndpointMvcAdapter.invoke()
2020-09-02 17:28:37.151  INFO 3296 --- [main] o.s.b.a.e.mvc.EndpointHandlerMapping     : Mapped "{[/manage/hystrix.stream/**]}" onto public org.springframework.web.servlet.ModelAndView org.springframework.cloud.netflix.endpoint.ServletWrappingEndpoint.handle(javax.servlet.http.HttpServletRequest,javax.servlet.http.HttpServletResponse) throws java.lang.Exception
2020-09-02 17:28:37.152  INFO 3296 --- [main] o.s.b.a.e.mvc.EndpointHandlerMapping     : Mapped "{[/manage/heapdump || /manage/heapdump.json],methods=[GET],produces=[application/octet-stream]}" onto public void org.springframework.boot.actuate.endpoint.mvc.HeapdumpMvcEndpoint.invoke(boolean,javax.servlet.http.HttpServletRequest,javax.servlet.http.HttpServletResponse) throws java.io.IOException,javax.servlet.ServletException
2020-09-02 17:28:37.154  INFO 3296 --- [main] o.s.b.a.e.mvc.EndpointHandlerMapping     : Mapped "{[/manage/autoconfig || /manage/autoconfig.json],methods=[GET],produces=[application/vnd.spring-boot.actuator.v1+json || application/json]}" onto public java.lang.Object org.springframework.boot.actuate.endpoint.mvc.EndpointMvcAdapter.invoke()
2020-09-02 17:28:37.156  INFO 3296 --- [main] o.s.b.a.e.mvc.EndpointHandlerMapping     : Mapped "{[/manage/env],methods=[POST]}" onto public java.lang.Object org.springframework.cloud.context.environment.EnvironmentManagerMvcEndpoint.value(java.util.Map<java.lang.String, java.lang.String>)
2020-09-02 17:28:37.157  INFO 3296 --- [main] o.s.b.a.e.mvc.EndpointHandlerMapping     : Mapped "{[/manage/env/reset],methods=[POST]}" onto public java.util.Map<java.lang.String, java.lang.Object> org.springframework.cloud.context.environment.EnvironmentManagerMvcEndpoint.reset()
2020-09-02 17:28:37.158  INFO 3296 --- [main] o.s.b.a.e.mvc.EndpointHandlerMapping     : Mapped "{[/manage/filters || /manage/filters.json],methods=[GET],produces=[application/vnd.spring-boot.actuator.v1+json || application/json]}" onto public java.lang.Object org.springframework.boot.actuate.endpoint.mvc.EndpointMvcAdapter.invoke()
2020-09-02 17:28:37.159  INFO 3296 --- [main] o.s.b.a.e.mvc.EndpointHandlerMapping     : Mapped "{[/manage/trace || /manage/trace.json],methods=[GET],produces=[application/vnd.spring-boot.actuator.v1+json || application/json]}" onto public java.lang.Object org.springframework.boot.actuate.endpoint.mvc.EndpointMvcAdapter.invoke()
2020-09-02 17:28:37.159  INFO 3296 --- [main] o.s.b.a.e.mvc.EndpointHandlerMapping     : Mapped "{[/manage/configprops || /manage/configprops.json],methods=[GET],produces=[application/vnd.spring-boot.actuator.v1+json || application/json]}" onto public java.lang.Object org.springframework.boot.actuate.endpoint.mvc.EndpointMvcAdapter.invoke()
2020-09-02 17:28:37.161  INFO 3296 --- [main] o.s.b.a.e.mvc.EndpointHandlerMapping     : Mapped "{[/manage/loggers/{name:.*}],methods=[GET],produces=[application/vnd.spring-boot.actuator.v1+json || application/json]}" onto public java.lang.Object org.springframework.boot.actuate.endpoint.mvc.LoggersMvcEndpoint.get(java.lang.String)
2020-09-02 17:28:37.161  INFO 3296 --- [main] o.s.b.a.e.mvc.EndpointHandlerMapping     : Mapped "{[/manage/loggers/{name:.*}],methods=[POST],consumes=[application/vnd.spring-boot.actuator.v1+json || application/json],produces=[application/vnd.spring-boot.actuator.v1+json || application/json]}" onto public java.lang.Object org.springframework.boot.actuate.endpoint.mvc.LoggersMvcEndpoint.set(java.lang.String,java.util.Map<java.lang.String, java.lang.String>)
2020-09-02 17:28:37.161  INFO 3296 --- [main] o.s.b.a.e.mvc.EndpointHandlerMapping     : Mapped "{[/manage/loggers || /manage/loggers.json],methods=[GET],produces=[application/vnd.spring-boot.actuator.v1+json || application/json]}" onto public java.lang.Object org.springframework.boot.actuate.endpoint.mvc.EndpointMvcAdapter.invoke()
2020-09-02 17:28:37.162  INFO 3296 --- [main] o.s.b.a.e.mvc.EndpointHandlerMapping     : Mapped "{[/manage/features || /manage/features.json],methods=[GET],produces=[application/vnd.spring-boot.actuator.v1+json || application/json]}" onto public java.lang.Object org.springframework.boot.actuate.endpoint.mvc.EndpointMvcAdapter.invoke()
2020-09-02 17:28:37.163  INFO 3296 --- [main] o.s.b.a.e.mvc.EndpointHandlerMapping     : Mapped "{[/manage/info || /manage/info.json],methods=[GET],produces=[application/vnd.spring-boot.actuator.v1+json || application/json]}" onto public java.lang.Object org.springframework.boot.actuate.endpoint.mvc.EndpointMvcAdapter.invoke()
2020-09-02 17:28:37.164  INFO 3296 --- [main] o.s.b.a.e.mvc.EndpointHandlerMapping     : Mapped "{[/manage/env/{name:.*}],methods=[GET],produces=[application/vnd.spring-boot.actuator.v1+json || application/json]}" onto public java.lang.Object org.springframework.boot.actuate.endpoint.mvc.EnvironmentMvcEndpoint.value(java.lang.String)
2020-09-02 17:28:37.164  INFO 3296 --- [main] o.s.b.a.e.mvc.EndpointHandlerMapping     : Mapped "{[/manage/env || /manage/env.json],methods=[GET],produces=[application/vnd.spring-boot.actuator.v1+json || application/json]}" onto public java.lang.Object org.springframework.boot.actuate.endpoint.mvc.EndpointMvcAdapter.invoke()
2020-09-02 17:28:37.165  INFO 3296 --- [main] o.s.b.a.e.mvc.EndpointHandlerMapping     : Mapped "{[/manage/metrics/{name:.*}],methods=[GET],produces=[application/vnd.spring-boot.actuator.v1+json || application/json]}" onto public java.lang.Object org.springframework.boot.actuate.endpoint.mvc.MetricsMvcEndpoint.value(java.lang.String)
2020-09-02 17:28:37.165  INFO 3296 --- [main] o.s.b.a.e.mvc.EndpointHandlerMapping     : Mapped "{[/manage/metrics || /manage/metrics.json],methods=[GET],produces=[application/vnd.spring-boot.actuator.v1+json || application/json]}" onto public java.lang.Object org.springframework.boot.actuate.endpoint.mvc.EndpointMvcAdapter.invoke()
2020-09-02 17:28:38.355  INFO 3296 --- [main] o.s.c.n.zuul.ZuulFilterInitializer       : Starting filter initializer
2020-09-02 17:28:38.533  INFO 3296 --- [main] o.s.j.e.a.AnnotationMBeanExporter        : Registering beans for JMX exposure on startup
2020-09-02 17:28:38.562  INFO 3296 --- [main] o.s.j.e.a.AnnotationMBeanExporter        : Bean with name 'configurationPropertiesRebinder' has been autodetected for JMX exposure
2020-09-02 17:28:38.563  INFO 3296 --- [main] o.s.j.e.a.AnnotationMBeanExporter        : Bean with name 'environmentManager' has been autodetected for JMX exposure
2020-09-02 17:28:38.564  INFO 3296 --- [main] o.s.j.e.a.AnnotationMBeanExporter        : Bean with name 'refreshEndpoint' has been autodetected for JMX exposure
2020-09-02 17:28:38.565  INFO 3296 --- [main] o.s.j.e.a.AnnotationMBeanExporter        : Bean with name 'routesEndpoint' has been autodetected for JMX exposure
2020-09-02 17:28:38.567  INFO 3296 --- [main] o.s.j.e.a.AnnotationMBeanExporter        : Bean with name 'routesMvcEndpoint' has been autodetected for JMX exposure
2020-09-02 17:28:38.567  INFO 3296 --- [main] o.s.j.e.a.AnnotationMBeanExporter        : Bean with name 'filtersEndpoint' has been autodetected for JMX exposure
2020-09-02 17:28:38.568  INFO 3296 --- [main] o.s.j.e.a.AnnotationMBeanExporter        : Bean with name 'refreshScope' has been autodetected for JMX exposure
2020-09-02 17:28:38.574  INFO 3296 --- [main] o.s.j.e.a.AnnotationMBeanExporter        : Located managed bean 'environmentManager': registering with JMX server as MBean [org.springframework.cloud.context.environment:name=environmentManager,type=EnvironmentManager]
2020-09-02 17:28:38.595  INFO 3296 --- [main] o.s.j.e.a.AnnotationMBeanExporter        : Located managed bean 'routesEndpoint': registering with JMX server as MBean [org.springframework.cloud.netflix.zuul:name=routesEndpoint,type=RoutesEndpoint]
2020-09-02 17:28:38.601  WARN 3296 --- [main] o.s.j.e.a.AnnotationMBeanExporter        : Bean with key 'routesEndpoint' has been registered as an MBean but has no exposed attributes or operations
2020-09-02 17:28:38.602  INFO 3296 --- [main] o.s.j.e.a.AnnotationMBeanExporter        : Located managed bean 'routesMvcEndpoint': registering with JMX server as MBean [org.springframework.cloud.netflix.zuul:name=routesMvcEndpoint,type=RoutesMvcEndpoint]
2020-09-02 17:28:38.619  INFO 3296 --- [main] o.s.j.e.a.AnnotationMBeanExporter        : Located managed bean 'filtersEndpoint': registering with JMX server as MBean [org.springframework.cloud.netflix.zuul:name=filtersEndpoint,type=FiltersEndpoint]
2020-09-02 17:28:38.620  WARN 3296 --- [main] o.s.j.e.a.AnnotationMBeanExporter        : Bean with key 'filtersEndpoint' has been registered as an MBean but has no exposed attributes or operations
2020-09-02 17:28:38.622  INFO 3296 --- [main] o.s.j.e.a.AnnotationMBeanExporter        : Located managed bean 'refreshScope': registering with JMX server as MBean [org.springframework.cloud.context.scope.refresh:name=refreshScope,type=RefreshScope]
2020-09-02 17:28:38.638  INFO 3296 --- [main] o.s.j.e.a.AnnotationMBeanExporter        : Located managed bean 'configurationPropertiesRebinder': registering with JMX server as MBean [org.springframework.cloud.context.properties:name=configurationPropertiesRebinder,context=4566e5bd,type=ConfigurationPropertiesRebinder]
2020-09-02 17:28:38.650  INFO 3296 --- [main] o.s.j.e.a.AnnotationMBeanExporter        : Located managed bean 'refreshEndpoint': registering with JMX server as MBean [org.springframework.cloud.endpoint:name=refreshEndpoint,type=RefreshEndpoint]
2020-09-02 17:28:38.707  INFO 3296 --- [main] o.s.c.support.DefaultLifecycleProcessor  : Starting beans in phase 0
2020-09-02 17:28:38.748  INFO 3296 --- [main] o.s.c.support.DefaultLifecycleProcessor  : Starting beans in phase 2147483647
2020-09-02 17:28:38.754  INFO 3296 --- [main] ration$HystrixMetricsPollerConfiguration : Starting poller
2020-09-02 17:28:38.813  INFO 3296 --- [main] s.b.c.e.t.TomcatEmbeddedServletContainer : Tomcat started on port(s): 9095 (http)
2020-09-02 17:28:38.816  INFO 3296 --- [main] o.a.s.apm.webapp.ApplicationStartUp      : Started ApplicationStartUp in 14.507 seconds (JVM running for 15.64)
2020-09-02 17:28:59.283  INFO 3296 --- [http-nio-9095-exec-1] o.a.c.c.C.[Tomcat].[localhost].[/]       : Initializing Spring FrameworkServlet 'dispatcherServlet'
2020-09-02 17:28:59.283  INFO 3296 --- [http-nio-9095-exec-1] o.s.web.servlet.DispatcherServlet        : FrameworkServlet 'dispatcherServlet': initialization started
2020-09-02 17:28:59.318  INFO 3296 --- [http-nio-9095-exec-1] o.s.web.servlet.DispatcherServlet        : FrameworkServlet 'dispatcherServlet': initialization completed in 35 ms
2020-09-02 17:28:59.347  INFO 3296 --- [http-nio-9095-exec-1] o.s.c.n.zuul.web.ZuulHandlerMapping      : Mapped URL path [/graphql] onto handler of type [class org.springframework.cloud.netflix.zuul.web.ZuulController]
2020-09-02 17:28:59.347  INFO 3296 --- [http-nio-9095-exec-1] o.s.c.n.zuul.web.ZuulHandlerMapping      : Mapped URL path [/login/account] onto handler of type [class org.springframework.cloud.netflix.zuul.web.ZuulController]
2020-09-02 17:28:59.947  INFO 3296 --- [http-nio-9095-exec-5] s.c.a.AnnotationConfigApplicationContext : Refreshing org.springframework.context.annotation.AnnotationConfigApplicationContext@65fb7a7e: startup date [Wed Sep 02 17:28:59 CST 2020]; parent: org.springframework.boot.context.embedded.AnnotationConfigEmbeddedWebApplicationContext@4566e5bd
2020-09-02 17:29:00.048  INFO 3296 --- [http-nio-9095-exec-5] f.a.AutowiredAnnotationBeanPostProcessor : JSR-330 'javax.inject.Inject' annotation found and supported for autowiring
2020-09-02 17:29:00.419  INFO 3296 --- [http-nio-9095-exec-5] c.netflix.config.ChainedDynamicProperty  : Flipping property: collector.ribbon.ActiveConnectionsLimit to use NEXT property: niws.loadbalancer.availabilityFilteringRule.activeConnectionsLimit = 2147483647
2020-09-02 17:29:00.521  INFO 3296 --- [http-nio-9095-exec-5] c.netflix.loadbalancer.BaseLoadBalancer  : Client: collector instantiated a LoadBalancer: DynamicServerListLoadBalancer:{NFLoadBalancer:name=collector,current list of Servers=[],Load balancer stats=Zone stats: {},Server stats: []}ServerList:null
2020-09-02 17:29:00.540  INFO 3296 --- [http-nio-9095-exec-5] c.n.l.DynamicServerListLoadBalancer      : Using serverListUpdater PollingServerListUpdater
2020-09-02 17:29:00.571  INFO 3296 --- [http-nio-9095-exec-5] c.netflix.config.ChainedDynamicProperty  : Flipping property: collector.ribbon.ActiveConnectionsLimit to use NEXT property: niws.loadbalancer.availabilityFilteringRule.activeConnectionsLimit = 2147483647
2020-09-02 17:29:00.573  INFO 3296 --- [http-nio-9095-exec-5] c.n.l.DynamicServerListLoadBalancer      : DynamicServerListLoadBalancer for client collector initialized: DynamicServerListLoadBalancer:{NFLoadBalancer:name=collector,current list of Servers=[127.0.0.1:12800],Load balancer stats=Zone stats: {unknown=[Zone:unknown;	Instance count:1;	Active connections count: 0;	Circuit breaker tripped count: 0;	Active connections per server: 0.0;]
},Server stats: [[Server:127.0.0.1:12800;	Zone:UNKNOWN;	Total Requests:0;	Successive connection failure:0;	Total blackout seconds:0;	Last connection made:Thu Jan 01 08:00:00 CST 1970;	First connection made: Thu Jan 01 08:00:00 CST 1970;	Active Connections:0;	total failure count in last (1000) msecs:0;	average resp time:0.0;	90 percentile resp time:0.0;	95 percentile resp time:0.0;	min resp time:0.0;	max resp time:0.0;	stddev resp time:0.0]
]}ServerList:com.netflix.loadbalancer.ConfigurationBasedServerList@651ff5b3
2020-09-02 17:29:01.548  INFO 3296 --- [PollingServerListUpdater-0] c.netflix.config.ChainedDynamicProperty  : Flipping property: collector.ribbon.ActiveConnectionsLimit to use NEXT property: niws.loadbalancer.availabilityFilteringRule.activeConnectionsLimit = 2147483647
2020-09-02 17:50:07.844  INFO 3296 --- [Thread-9] c.n.l.PollingServerListUpdater           : Shutting down the Executor Pool for PollingServerListUpdater
2020-09-02 17:50:07.844  INFO 3296 --- [Thread-7] ationConfigEmbeddedWebApplicationContext : Closing org.springframework.boot.context.embedded.AnnotationConfigEmbeddedWebApplicationContext@4566e5bd: startup date [Wed Sep 02 17:28:28 CST 2020]; parent: org.springframework.context.annotation.AnnotationConfigApplicationContext@5d22bbb7
2020-09-02 17:50:07.850  INFO 3296 --- [Thread-7] o.s.c.support.DefaultLifecycleProcessor  : Stopping beans in phase 2147483647
2020-09-02 17:50:07.853  INFO 3296 --- [Thread-7] o.s.c.support.DefaultLifecycleProcessor  : Stopping beans in phase 0
2020-09-02 17:50:07.854  INFO 3296 --- [Thread-7] o.s.c.n.zuul.ZuulFilterInitializer       : Stopping filter initializer
2020-09-02 17:50:07.856  INFO 3296 --- [Thread-7] s.c.a.AnnotationConfigApplicationContext : Closing org.springframework.context.annotation.AnnotationConfigApplicationContext@65fb7a7e: startup date [Wed Sep 02 17:28:59 CST 2020]; parent: org.springframework.boot.context.embedded.AnnotationConfigEmbeddedWebApplicationContext@4566e5bd
2020-09-02 17:50:07.868  INFO 3296 --- [Thread-7] o.s.j.e.a.AnnotationMBeanExporter        : Unregistering JMX-exposed beans on shutdown
2020-09-02 17:50:07.869  INFO 3296 --- [Thread-7] o.s.j.e.a.AnnotationMBeanExporter        : Unregistering JMX-exposed beans
